<?xml version="1.0" encoding="UTF-8"?>
<!-- Generated by org.testng.reporters.JUnitXMLReporter -->
<testsuite hostname="DESKTOP-EJTLN2U" ignored="0" name="Default test" tests="3" failures="0" timestamp="17 Aug 2020 14:07:40 GMT" time="54.99" errors="0">
  <testcase name="EMIAmount" time="10.691" classname="tech.walkingtree.ofl.CompareExcelWeb"/>
  <testcase name="ODAmount" time="10.38" classname="tech.walkingtree.ofl.CompareExcelWeb"/>
  <testcase name="TotalLPIDue" time="10.402" classname="tech.walkingtree.ofl.CompareExcelWeb"/>
</testsuite> <!-- Default test -->
